<?xml version="1.0" encoding="UTF-8"?>
<testng-results ignored="0" total="1" passed="1" failed="0" skipped="0">
  <reporter-output>
  </reporter-output>
  <suite started-at="2025-08-13T23:43:43 IST" name="Full Regression Suite" finished-at="2025-08-13T23:43:53 IST" duration-ms="9465">
    <groups>
    </groups>
    <test started-at="2025-08-13T23:43:43 IST" name="OpenCart Tests" finished-at="2025-08-13T23:43:53 IST" duration-ms="9465">
      <class name="tests.OpenCartHomePageTest">
        <test-method is-config="true" signature="setup()[pri:0, instance:tests.OpenCartHomePageTest@6069db50]" started-at="2025-08-13T23:43:43 IST" name="setup" finished-at="2025-08-13T23:43:53 IST" duration-ms="9091" status="PASS">
          <reporter-output>
          </reporter-output>
        </test-method> <!-- setup -->
        <test-method signature="openHomePageAndVerifyTitle()[pri:0, instance:tests.OpenCartHomePageTest@6069db50]" started-at="2025-08-13T23:43:53 IST" name="openHomePageAndVerifyTitle" finished-at="2025-08-13T23:43:53 IST" duration-ms="14" status="PASS">
          <reporter-output>
          </reporter-output>
        </test-method> <!-- openHomePageAndVerifyTitle -->
        <test-method is-config="true" signature="tearDown(org.testng.ITestResult)[pri:0, instance:tests.OpenCartHomePageTest@6069db50]" started-at="2025-08-13T23:43:53 IST" name="tearDown" finished-at="2025-08-13T23:43:53 IST" duration-ms="306" status="PASS">
          <params>
            <param index="0">
              <value>
                <![CDATA[[TestResult name=openHomePageAndVerifyTitle status=SUCCESS method=OpenCartHomePageTest.openHomePageAndVerifyTitle()[pri:0, instance:tests.OpenCartHomePageTest@6069db50] output={null}]]]>
              </value>
            </param>
          </params>
          <reporter-output>
          </reporter-output>
        </test-method> <!-- tearDown -->
        <test-method is-config="true" signature="teardown()[pri:0, instance:tests.OpenCartHomePageTest@6069db50]" started-at="2025-08-13T23:43:53 IST" name="teardown" finished-at="2025-08-13T23:43:53 IST" duration-ms="1" status="PASS">
          <reporter-output>
          </reporter-output>
        </test-method> <!-- teardown -->
      </class> <!-- tests.OpenCartHomePageTest -->
    </test> <!-- OpenCart Tests -->
  </suite> <!-- Full Regression Suite -->
</testng-results>
