<?xml version="1.0" encoding="UTF-8"?>
<testng-results ignored="0" total="1" passed="1" failed="0" skipped="0">
  <reporter-output>
  </reporter-output>
  <suite started-at="2025-08-12T13:12:20 IST" name="Default suite" finished-at="2025-08-12T13:12:28 IST" duration-ms="8714">
    <groups>
    </groups>
    <test started-at="2025-08-12T13:12:20 IST" name="Default test" finished-at="2025-08-12T13:12:28 IST" duration-ms="8714">
      <class name="tests.OpenCartHomePageTest">
        <test-method is-config="true" signature="setup()[pri:0, instance:tests.OpenCartHomePageTest@1c1bbc4e]" started-at="2025-08-12T13:12:20 IST" name="setup" finished-at="2025-08-12T13:12:22 IST" duration-ms="2572" status="PASS">
          <reporter-output>
          </reporter-output>
        </test-method> <!-- setup -->
        <test-method signature="openHomePageAndVerifyTitle()[pri:0, instance:tests.OpenCartHomePageTest@1c1bbc4e]" started-at="2025-08-12T13:12:22 IST" name="openHomePageAndVerifyTitle" finished-at="2025-08-12T13:12:28 IST" duration-ms="5607" status="PASS">
          <reporter-output>
          </reporter-output>
        </test-method> <!-- openHomePageAndVerifyTitle -->
        <test-method is-config="true" signature="tearDown()[pri:0, instance:tests.OpenCartHomePageTest@1c1bbc4e]" started-at="2025-08-12T13:12:28 IST" name="tearDown" finished-at="2025-08-12T13:12:28 IST" duration-ms="432" status="PASS">
          <reporter-output>
          </reporter-output>
        </test-method> <!-- tearDown -->
      </class> <!-- tests.OpenCartHomePageTest -->
    </test> <!-- Default test -->
  </suite> <!-- Default suite -->
</testng-results>
